2017-07-19 14:11:19,243 INFO [com.lanxi.util.utils.LoggerUtil] - <log4j初始化完成!>
2017-07-19 14:11:19,257 INFO [com.lanxi.util.utils.LoggerUtil] - <log4j初始化完成!>
2017-07-19 14:11:19,257 INFO [com.lanxi.util.entity.ConfigManager] - <开始加载配置文件---------------------------------------------------------->
2017-07-19 14:11:19,258 INFO [com.lanxi.util.entity.ConfigManager] - <classpath位置:[/C:/Users/yangyuanjian/workspace/consumeLoan/target/test-classes/]>
2017-07-19 14:11:19,258 INFO [com.lanxi.util.entity.ConfigManager] - <配置文件目录:[/C:/Users/yangyuanjian/workspace/consumeLoan//src/main/resources/properties]>
2017-07-19 14:11:19,259 INFO [com.lanxi.util.entity.ConfigManager] - <文件名:[jdbc.properties]>
2017-07-19 14:11:19,259 INFO [com.lanxi.util.entity.ConfigManager] - <加载配置文件:[jdbc.properties]成功!>
2017-07-19 14:11:19,259 INFO [com.lanxi.util.entity.ConfigManager] - <文件名:[param.properties]>
2017-07-19 14:11:19,260 INFO [com.lanxi.util.entity.ConfigManager] - <加载配置文件:[param.properties]成功!>
2017-07-19 14:11:19,261 INFO [com.lanxi.util.entity.ConfigManager] - <文件名:[sms.properties]>
2017-07-19 14:11:19,261 INFO [com.lanxi.util.entity.ConfigManager] - <加载配置文件:[sms.properties]成功!>
2017-07-19 14:11:19,261 INFO [com.lanxi.util.entity.ConfigManager] - <加载配置文件完成---------------------------------------------------------->
2017-07-19 14:11:43,878 INFO [com.lanxi.util.utils.LoggerUtil] - <log4j初始化完成!>
2017-07-19 14:11:43,894 INFO [com.lanxi.util.utils.LoggerUtil] - <log4j初始化完成!>
2017-07-19 14:11:43,895 INFO [com.lanxi.util.entity.ConfigManager] - <开始加载配置文件---------------------------------------------------------->
2017-07-19 14:11:43,895 INFO [com.lanxi.util.entity.ConfigManager] - <classpath位置:[/C:/Users/yangyuanjian/workspace/consumeLoan/target/test-classes/]>
2017-07-19 14:11:43,895 INFO [com.lanxi.util.entity.ConfigManager] - <配置文件目录:[/C:/Users/yangyuanjian/workspace/consumeLoan//src/main/resources/properties]>
2017-07-19 14:11:43,896 INFO [com.lanxi.util.entity.ConfigManager] - <文件名:[jdbc.properties]>
2017-07-19 14:11:43,896 INFO [com.lanxi.util.entity.ConfigManager] - <加载配置文件:[jdbc.properties]成功!>
2017-07-19 14:11:43,896 INFO [com.lanxi.util.entity.ConfigManager] - <文件名:[param.properties]>
2017-07-19 14:11:43,897 INFO [com.lanxi.util.entity.ConfigManager] - <加载配置文件:[param.properties]成功!>
2017-07-19 14:11:43,897 INFO [com.lanxi.util.entity.ConfigManager] - <文件名:[sms.properties]>
2017-07-19 14:11:43,897 INFO [com.lanxi.util.entity.ConfigManager] - <加载配置文件:[sms.properties]成功!>
2017-07-19 14:11:43,897 INFO [com.lanxi.util.entity.ConfigManager] - <加载配置文件完成---------------------------------------------------------->
