2017-07-20 11:13:36,351 INFO [com.lanxi.util.utils.LoggerUtil] - <log4j初始化完成!>
2017-07-20 11:13:36,553 INFO [org.springframework.context.support.ClassPathXmlApplicationContext] - <Refreshing org.springframework.context.support.ClassPathXmlApplicationContext@47f37ef1: startup date [Thu Jul 20 11:13:36 CST 2017]; root of context hierarchy>
2017-07-20 11:13:36,627 INFO [org.springframework.beans.factory.xml.XmlBeanDefinitionReader] - <Loading XML bean definitions from class path resource [xml/spring-mvc.xml]>
2017-07-20 11:13:36,946 INFO [org.springframework.beans.factory.xml.XmlBeanDefinitionReader] - <Loading XML bean definitions from class path resource [xml/dubbo.xml]>
2017-07-20 11:13:36,977 INFO [com.alibaba.dubbo.common.logger.LoggerFactory] - <using logger: com.alibaba.dubbo.common.logger.log4j.Log4jLoggerAdapter>
2017-07-20 11:13:37,575 INFO [com.alibaba.dubbo.config.AbstractConfig] - < [DUBBO] Run shutdown hook now., dubbo version: 2.5.3, current host: 127.0.0.1>
2017-07-20 11:13:37,576 INFO [com.alibaba.dubbo.registry.support.AbstractRegistryFactory] - < [DUBBO] Close all registries [], dubbo version: 2.5.3, current host: 127.0.0.1>
2017-07-20 11:14:19,169 INFO [com.lanxi.util.utils.LoggerUtil] - <log4j初始化完成!>
2017-07-20 11:14:19,350 INFO [org.springframework.context.support.ClassPathXmlApplicationContext] - <Refreshing org.springframework.context.support.ClassPathXmlApplicationContext@47f37ef1: startup date [Thu Jul 20 11:14:19 CST 2017]; root of context hierarchy>
2017-07-20 11:14:19,411 INFO [org.springframework.beans.factory.xml.XmlBeanDefinitionReader] - <Loading XML bean definitions from class path resource [xml/spring-mvc.xml]>
2017-07-20 11:14:19,692 INFO [org.springframework.beans.factory.xml.XmlBeanDefinitionReader] - <Loading XML bean definitions from class path resource [xml/dubbo.xml]>
2017-07-20 11:14:19,752 INFO [com.alibaba.dubbo.common.logger.LoggerFactory] - <using logger: com.alibaba.dubbo.common.logger.log4j.Log4jLoggerAdapter>
2017-07-20 11:14:20,330 INFO [com.alibaba.dubbo.config.AbstractConfig] - < [DUBBO] Run shutdown hook now., dubbo version: 2.5.3, current host: 127.0.0.1>
2017-07-20 11:14:20,332 INFO [com.alibaba.dubbo.registry.support.AbstractRegistryFactory] - < [DUBBO] Close all registries [], dubbo version: 2.5.3, current host: 127.0.0.1>
2017-07-20 11:14:56,795 INFO [com.lanxi.util.utils.LoggerUtil] - <log4j初始化完成!>
2017-07-20 11:14:56,983 INFO [org.springframework.context.support.ClassPathXmlApplicationContext] - <Refreshing org.springframework.context.support.ClassPathXmlApplicationContext@47f37ef1: startup date [Thu Jul 20 11:14:56 CST 2017]; root of context hierarchy>
2017-07-20 11:14:57,042 INFO [org.springframework.beans.factory.xml.XmlBeanDefinitionReader] - <Loading XML bean definitions from class path resource [xml/spring-mvc.xml]>
2017-07-20 11:14:57,332 INFO [org.springframework.beans.factory.xml.XmlBeanDefinitionReader] - <Loading XML bean definitions from class path resource [xml/dubbo.xml]>
2017-07-20 11:14:57,366 INFO [com.alibaba.dubbo.common.logger.LoggerFactory] - <using logger: com.alibaba.dubbo.common.logger.log4j.Log4jLoggerAdapter>
2017-07-20 11:14:57,928 INFO [com.alibaba.dubbo.config.AbstractConfig] - < [DUBBO] Run shutdown hook now., dubbo version: 2.5.3, current host: 127.0.0.1>
2017-07-20 11:14:57,930 INFO [com.alibaba.dubbo.registry.support.AbstractRegistryFactory] - < [DUBBO] Close all registries [], dubbo version: 2.5.3, current host: 127.0.0.1>
2017-07-20 11:16:38,335 INFO [com.lanxi.util.utils.LoggerUtil] - <log4j初始化完成!>
2017-07-20 11:16:38,524 INFO [org.springframework.context.support.ClassPathXmlApplicationContext] - <Refreshing org.springframework.context.support.ClassPathXmlApplicationContext@47f37ef1: startup date [Thu Jul 20 11:16:38 CST 2017]; root of context hierarchy>
2017-07-20 11:16:38,598 INFO [org.springframework.beans.factory.xml.XmlBeanDefinitionReader] - <Loading XML bean definitions from class path resource [xml/spring-mvc.xml]>
2017-07-20 11:16:38,868 INFO [org.springframework.beans.factory.xml.XmlBeanDefinitionReader] - <Loading XML bean definitions from class path resource [xml/dubbo.xml]>
2017-07-20 11:16:38,900 INFO [com.alibaba.dubbo.common.logger.LoggerFactory] - <using logger: com.alibaba.dubbo.common.logger.log4j.Log4jLoggerAdapter>
2017-07-20 11:16:39,476 INFO [com.alibaba.dubbo.config.AbstractConfig] - < [DUBBO] Run shutdown hook now., dubbo version: 2.5.3, current host: 127.0.0.1>
2017-07-20 11:16:39,478 INFO [com.alibaba.dubbo.registry.support.AbstractRegistryFactory] - < [DUBBO] Close all registries [], dubbo version: 2.5.3, current host: 127.0.0.1>
2017-07-20 11:16:52,427 INFO [com.lanxi.util.utils.LoggerUtil] - <log4j初始化完成!>
2017-07-20 11:16:52,620 INFO [org.springframework.context.support.ClassPathXmlApplicationContext] - <Refreshing org.springframework.context.support.ClassPathXmlApplicationContext@47f37ef1: startup date [Thu Jul 20 11:16:52 CST 2017]; root of context hierarchy>
2017-07-20 11:16:52,673 INFO [org.springframework.beans.factory.xml.XmlBeanDefinitionReader] - <Loading XML bean definitions from class path resource [xml/spring-mvc.xml]>
2017-07-20 11:16:52,939 INFO [org.springframework.beans.factory.xml.XmlBeanDefinitionReader] - <Loading XML bean definitions from class path resource [xml/dubbo.xml]>
2017-07-20 11:16:52,970 INFO [com.alibaba.dubbo.common.logger.LoggerFactory] - <using logger: com.alibaba.dubbo.common.logger.log4j.Log4jLoggerAdapter>
2017-07-20 11:16:53,532 INFO [com.alibaba.dubbo.config.AbstractConfig] - < [DUBBO] Run shutdown hook now., dubbo version: 2.5.3, current host: 127.0.0.1>
2017-07-20 11:16:53,534 INFO [com.alibaba.dubbo.registry.support.AbstractRegistryFactory] - < [DUBBO] Close all registries [], dubbo version: 2.5.3, current host: 127.0.0.1>
2017-07-20 11:18:06,864 INFO [com.lanxi.util.utils.LoggerUtil] - <log4j初始化完成!>
2017-07-20 11:18:07,020 INFO [org.springframework.context.support.ClassPathXmlApplicationContext] - <Refreshing org.springframework.context.support.ClassPathXmlApplicationContext@47f37ef1: startup date [Thu Jul 20 11:18:07 CST 2017]; root of context hierarchy>
2017-07-20 11:18:07,073 INFO [org.springframework.beans.factory.xml.XmlBeanDefinitionReader] - <Loading XML bean definitions from class path resource [xml/spring-mvc.xml]>
2017-07-20 11:18:07,375 INFO [org.springframework.beans.factory.xml.XmlBeanDefinitionReader] - <Loading XML bean definitions from class path resource [xml/dubbo.xml]>
2017-07-20 11:18:07,474 INFO [com.alibaba.dubbo.common.logger.LoggerFactory] - <using logger: com.alibaba.dubbo.common.logger.log4j.Log4jLoggerAdapter>
2017-07-20 11:18:08,075 INFO [com.alibaba.dubbo.config.AbstractConfig] - < [DUBBO] Run shutdown hook now., dubbo version: 2.5.3, current host: 127.0.0.1>
2017-07-20 11:18:08,077 INFO [com.alibaba.dubbo.registry.support.AbstractRegistryFactory] - < [DUBBO] Close all registries [], dubbo version: 2.5.3, current host: 127.0.0.1>
2017-07-20 11:20:02,025 INFO [com.lanxi.util.utils.LoggerUtil] - <log4j初始化完成!>
2017-07-20 11:20:02,206 INFO [org.springframework.context.support.ClassPathXmlApplicationContext] - <Refreshing org.springframework.context.support.ClassPathXmlApplicationContext@47f37ef1: startup date [Thu Jul 20 11:20:02 CST 2017]; root of context hierarchy>
2017-07-20 11:20:02,274 INFO [org.springframework.beans.factory.xml.XmlBeanDefinitionReader] - <Loading XML bean definitions from class path resource [xml/spring-mvc.xml]>
2017-07-20 11:20:02,574 INFO [org.springframework.beans.factory.xml.XmlBeanDefinitionReader] - <Loading XML bean definitions from class path resource [xml/dubbo.xml]>
2017-07-20 11:20:02,608 INFO [com.alibaba.dubbo.common.logger.LoggerFactory] - <using logger: com.alibaba.dubbo.common.logger.log4j.Log4jLoggerAdapter>
2017-07-20 11:20:03,150 INFO [com.alibaba.dubbo.config.AbstractConfig] - < [DUBBO] Run shutdown hook now., dubbo version: 2.5.3, current host: 127.0.0.1>
2017-07-20 11:20:03,152 INFO [com.alibaba.dubbo.registry.support.AbstractRegistryFactory] - < [DUBBO] Close all registries [], dubbo version: 2.5.3, current host: 127.0.0.1>
2017-07-20 11:21:34,435 INFO [com.lanxi.util.utils.LoggerUtil] - <log4j初始化完成!>
2017-07-20 11:21:34,601 INFO [org.springframework.context.support.ClassPathXmlApplicationContext] - <Refreshing org.springframework.context.support.ClassPathXmlApplicationContext@47f37ef1: startup date [Thu Jul 20 11:21:34 CST 2017]; root of context hierarchy>
2017-07-20 11:21:34,654 INFO [org.springframework.beans.factory.xml.XmlBeanDefinitionReader] - <Loading XML bean definitions from class path resource [xml/spring-mvc.xml]>
2017-07-20 11:21:34,931 INFO [org.springframework.beans.factory.xml.XmlBeanDefinitionReader] - <Loading XML bean definitions from class path resource [xml/dubbo.xml]>
2017-07-20 11:21:35,038 INFO [com.alibaba.dubbo.common.logger.LoggerFactory] - <using logger: com.alibaba.dubbo.common.logger.log4j.Log4jLoggerAdapter>
2017-07-20 11:21:35,573 INFO [com.alibaba.dubbo.config.AbstractConfig] - < [DUBBO] Run shutdown hook now., dubbo version: 2.5.3, current host: 127.0.0.1>
2017-07-20 11:21:35,609 INFO [com.alibaba.dubbo.registry.support.AbstractRegistryFactory] - < [DUBBO] Close all registries [], dubbo version: 2.5.3, current host: 127.0.0.1>
2017-07-20 13:45:27,137 INFO [com.lanxi.util.utils.LoggerUtil] - <log4j初始化完成!>
2017-07-20 13:45:27,303 INFO [org.springframework.context.support.ClassPathXmlApplicationContext] - <Refreshing org.springframework.context.support.ClassPathXmlApplicationContext@47f37ef1: startup date [Thu Jul 20 13:45:27 CST 2017]; root of context hierarchy>
2017-07-20 13:45:27,359 INFO [org.springframework.beans.factory.xml.XmlBeanDefinitionReader] - <Loading XML bean definitions from class path resource [xml/spring-mvc.xml]>
2017-07-20 13:45:27,648 INFO [org.springframework.beans.factory.xml.XmlBeanDefinitionReader] - <Loading XML bean definitions from class path resource [xml/dubbo.xml]>
2017-07-20 13:45:27,744 INFO [com.alibaba.dubbo.common.logger.LoggerFactory] - <using logger: com.alibaba.dubbo.common.logger.log4j.Log4jLoggerAdapter>
2017-07-20 13:45:28,329 INFO [com.alibaba.dubbo.config.AbstractConfig] - < [DUBBO] Run shutdown hook now., dubbo version: 2.5.3, current host: 127.0.0.1>
2017-07-20 13:45:28,330 INFO [com.alibaba.dubbo.registry.support.AbstractRegistryFactory] - < [DUBBO] Close all registries [], dubbo version: 2.5.3, current host: 127.0.0.1>
2017-07-20 13:50:41,991 INFO [com.lanxi.util.utils.LoggerUtil] - <log4j初始化完成!>
2017-07-20 13:50:42,149 INFO [org.springframework.context.support.ClassPathXmlApplicationContext] - <Refreshing org.springframework.context.support.ClassPathXmlApplicationContext@47f37ef1: startup date [Thu Jul 20 13:50:42 CST 2017]; root of context hierarchy>
2017-07-20 13:50:42,206 INFO [org.springframework.beans.factory.xml.XmlBeanDefinitionReader] - <Loading XML bean definitions from class path resource [xml/spring-mvc.xml]>
2017-07-20 13:50:42,493 INFO [org.springframework.beans.factory.xml.XmlBeanDefinitionReader] - <Loading XML bean definitions from class path resource [xml/dubbo.xml]>
2017-07-20 13:50:42,582 INFO [com.alibaba.dubbo.common.logger.LoggerFactory] - <using logger: com.alibaba.dubbo.common.logger.log4j.Log4jLoggerAdapter>
2017-07-20 13:50:43,159 INFO [com.alibaba.dubbo.config.AbstractConfig] - < [DUBBO] Run shutdown hook now., dubbo version: 2.5.3, current host: 127.0.0.1>
2017-07-20 13:50:43,161 INFO [com.alibaba.dubbo.registry.support.AbstractRegistryFactory] - < [DUBBO] Close all registries [], dubbo version: 2.5.3, current host: 127.0.0.1>
2017-07-20 13:52:22,960 INFO [com.lanxi.util.utils.LoggerUtil] - <log4j初始化完成!>
2017-07-20 13:52:23,127 INFO [org.springframework.context.support.ClassPathXmlApplicationContext] - <Refreshing org.springframework.context.support.ClassPathXmlApplicationContext@47f37ef1: startup date [Thu Jul 20 13:52:23 CST 2017]; root of context hierarchy>
2017-07-20 13:52:23,181 INFO [org.springframework.beans.factory.xml.XmlBeanDefinitionReader] - <Loading XML bean definitions from class path resource [xml/spring-mvc.xml]>
2017-07-20 13:52:23,547 INFO [org.springframework.beans.factory.xml.XmlBeanDefinitionReader] - <Loading XML bean definitions from class path resource [xml/dubbo.xml]>
2017-07-20 13:52:23,587 INFO [com.alibaba.dubbo.common.logger.LoggerFactory] - <using logger: com.alibaba.dubbo.common.logger.log4j.Log4jLoggerAdapter>
2017-07-20 13:52:23,653 INFO [org.springframework.beans.factory.xml.XmlBeanDefinitionReader] - <Loading XML bean definitions from class path resource [xml/mybatis.xml]>
2017-07-20 13:52:23,727 INFO [org.springframework.beans.factory.support.DefaultListableBeanFactory] - <Overriding bean definition for bean 'dbconfig' with a different definition: replacing [Generic bean: class [org.springframework.beans.factory.config.PropertiesFactoryBean]; scope=; abstract=false; lazyInit=false; autowireMode=0; dependencyCheck=0; autowireCandidate=true; primary=false; factoryBeanName=null; factoryMethodName=null; initMethodName=null; destroyMethodName=null] with [Generic bean: class [org.springframework.beans.factory.config.PropertiesFactoryBean]; scope=; abstract=false; lazyInit=false; autowireMode=0; dependencyCheck=0; autowireCandidate=true; primary=false; factoryBeanName=null; factoryMethodName=null; initMethodName=null; destroyMethodName=null]>
2017-07-20 13:52:24,451 INFO [org.springframework.web.servlet.mvc.method.annotation.RequestMappingHandlerMapping] - <Mapped "{[/login]}" onto public java.lang.String com.lanxi.consumeLoan.controller.TestController.login()>
2017-07-20 13:52:24,597 INFO [org.springframework.web.servlet.mvc.method.annotation.RequestMappingHandlerAdapter] - <Looking for @ControllerAdvice: org.springframework.context.support.ClassPathXmlApplicationContext@47f37ef1: startup date [Thu Jul 20 13:52:23 CST 2017]; root of context hierarchy>
2017-07-20 13:52:24,652 INFO [org.springframework.web.servlet.mvc.method.annotation.RequestMappingHandlerAdapter] - <Looking for @ControllerAdvice: org.springframework.context.support.ClassPathXmlApplicationContext@47f37ef1: startup date [Thu Jul 20 13:52:23 CST 2017]; root of context hierarchy>
2017-07-20 13:52:24,778 INFO [org.springframework.beans.factory.config.PropertiesFactoryBean] - <Loading properties file from class path resource [properties/jdbc.properties]>
2017-07-20 13:52:24,993 INFO [com.alibaba.dubbo.config.AbstractConfig] - < [DUBBO] Run shutdown hook now., dubbo version: 2.5.3, current host: 127.0.0.1>
2017-07-20 13:52:24,995 INFO [com.alibaba.dubbo.registry.support.AbstractRegistryFactory] - < [DUBBO] Close all registries [], dubbo version: 2.5.3, current host: 127.0.0.1>
2017-07-20 13:52:54,192 INFO [com.lanxi.util.utils.LoggerUtil] - <log4j初始化完成!>
2017-07-20 13:52:54,368 INFO [org.springframework.context.support.ClassPathXmlApplicationContext] - <Refreshing org.springframework.context.support.ClassPathXmlApplicationContext@47f37ef1: startup date [Thu Jul 20 13:52:54 CST 2017]; root of context hierarchy>
2017-07-20 13:52:54,440 INFO [org.springframework.beans.factory.xml.XmlBeanDefinitionReader] - <Loading XML bean definitions from class path resource [xml/spring-mvc.xml]>
2017-07-20 13:52:54,804 INFO [org.springframework.beans.factory.xml.XmlBeanDefinitionReader] - <Loading XML bean definitions from class path resource [xml/dubbo.xml]>
2017-07-20 13:52:54,836 INFO [com.alibaba.dubbo.common.logger.LoggerFactory] - <using logger: com.alibaba.dubbo.common.logger.log4j.Log4jLoggerAdapter>
2017-07-20 13:52:54,884 INFO [org.springframework.beans.factory.xml.XmlBeanDefinitionReader] - <Loading XML bean definitions from class path resource [xml/mybatis.xml]>
2017-07-20 13:52:54,907 INFO [org.springframework.beans.factory.support.DefaultListableBeanFactory] - <Overriding bean definition for bean 'dbconfig' with a different definition: replacing [Generic bean: class [org.springframework.beans.factory.config.PropertiesFactoryBean]; scope=; abstract=false; lazyInit=false; autowireMode=0; dependencyCheck=0; autowireCandidate=true; primary=false; factoryBeanName=null; factoryMethodName=null; initMethodName=null; destroyMethodName=null] with [Generic bean: class [org.springframework.beans.factory.config.PropertiesFactoryBean]; scope=; abstract=false; lazyInit=false; autowireMode=0; dependencyCheck=0; autowireCandidate=true; primary=false; factoryBeanName=null; factoryMethodName=null; initMethodName=null; destroyMethodName=null]>
2017-07-20 13:52:55,623 INFO [org.springframework.web.servlet.mvc.method.annotation.RequestMappingHandlerMapping] - <Mapped "{[/login]}" onto public java.lang.String com.lanxi.consumeLoan.controller.TestController.login()>
2017-07-20 13:52:55,734 INFO [org.springframework.web.servlet.mvc.method.annotation.RequestMappingHandlerAdapter] - <Looking for @ControllerAdvice: org.springframework.context.support.ClassPathXmlApplicationContext@47f37ef1: startup date [Thu Jul 20 13:52:54 CST 2017]; root of context hierarchy>
2017-07-20 13:52:55,782 INFO [org.springframework.web.servlet.mvc.method.annotation.RequestMappingHandlerAdapter] - <Looking for @ControllerAdvice: org.springframework.context.support.ClassPathXmlApplicationContext@47f37ef1: startup date [Thu Jul 20 13:52:54 CST 2017]; root of context hierarchy>
2017-07-20 13:52:55,898 INFO [org.springframework.beans.factory.config.PropertiesFactoryBean] - <Loading properties file from class path resource [properties/jdbc.properties]>
2017-07-20 13:52:56,887 INFO [com.alibaba.dubbo.config.AbstractConfig] - < [DUBBO] Run shutdown hook now., dubbo version: 2.5.3, current host: 127.0.0.1>
2017-07-20 13:52:56,889 INFO [com.alibaba.dubbo.registry.support.AbstractRegistryFactory] - < [DUBBO] Close all registries [], dubbo version: 2.5.3, current host: 127.0.0.1>
2017-07-20 13:56:39,586 INFO [com.lanxi.util.utils.LoggerUtil] - <log4j初始化完成!>
2017-07-20 13:56:39,762 INFO [org.springframework.context.support.ClassPathXmlApplicationContext] - <Refreshing org.springframework.context.support.ClassPathXmlApplicationContext@47f37ef1: startup date [Thu Jul 20 13:56:39 CST 2017]; root of context hierarchy>
2017-07-20 13:56:39,829 INFO [org.springframework.beans.factory.xml.XmlBeanDefinitionReader] - <Loading XML bean definitions from class path resource [xml/spring-mvc.xml]>
2017-07-20 13:56:40,176 INFO [org.springframework.beans.factory.xml.XmlBeanDefinitionReader] - <Loading XML bean definitions from class path resource [xml/dubbo.xml]>
2017-07-20 13:56:40,207 INFO [com.alibaba.dubbo.common.logger.LoggerFactory] - <using logger: com.alibaba.dubbo.common.logger.log4j.Log4jLoggerAdapter>
2017-07-20 13:56:40,257 INFO [org.springframework.beans.factory.xml.XmlBeanDefinitionReader] - <Loading XML bean definitions from class path resource [xml/mybatis.xml]>
2017-07-20 13:56:40,307 INFO [org.springframework.beans.factory.support.DefaultListableBeanFactory] - <Overriding bean definition for bean 'dbconfig' with a different definition: replacing [Generic bean: class [org.springframework.beans.factory.config.PropertiesFactoryBean]; scope=; abstract=false; lazyInit=false; autowireMode=0; dependencyCheck=0; autowireCandidate=true; primary=false; factoryBeanName=null; factoryMethodName=null; initMethodName=null; destroyMethodName=null] with [Generic bean: class [org.springframework.beans.factory.config.PropertiesFactoryBean]; scope=; abstract=false; lazyInit=false; autowireMode=0; dependencyCheck=0; autowireCandidate=true; primary=false; factoryBeanName=null; factoryMethodName=null; initMethodName=null; destroyMethodName=null]>
2017-07-20 13:56:41,031 INFO [org.springframework.web.servlet.mvc.method.annotation.RequestMappingHandlerMapping] - <Mapped "{[/login]}" onto public java.lang.String com.lanxi.consumeLoan.controller.TestController.login()>
2017-07-20 13:56:41,132 INFO [org.springframework.web.servlet.mvc.method.annotation.RequestMappingHandlerAdapter] - <Looking for @ControllerAdvice: org.springframework.context.support.ClassPathXmlApplicationContext@47f37ef1: startup date [Thu Jul 20 13:56:39 CST 2017]; root of context hierarchy>
2017-07-20 13:56:41,183 INFO [org.springframework.web.servlet.mvc.method.annotation.RequestMappingHandlerAdapter] - <Looking for @ControllerAdvice: org.springframework.context.support.ClassPathXmlApplicationContext@47f37ef1: startup date [Thu Jul 20 13:56:39 CST 2017]; root of context hierarchy>
2017-07-20 13:56:41,308 INFO [org.springframework.beans.factory.config.PropertiesFactoryBean] - <Loading properties file from class path resource [properties/jdbc.properties]>
2017-07-20 13:56:42,150 INFO [com.alibaba.dubbo.config.AbstractConfig] - < [DUBBO] Run shutdown hook now., dubbo version: 2.5.3, current host: 127.0.0.1>
2017-07-20 13:56:42,152 INFO [com.alibaba.dubbo.registry.support.AbstractRegistryFactory] - < [DUBBO] Close all registries [], dubbo version: 2.5.3, current host: 127.0.0.1>
2017-07-20 14:00:12,788 INFO [com.lanxi.util.utils.LoggerUtil] - <log4j初始化完成!>
2017-07-20 14:00:12,977 INFO [org.springframework.context.support.ClassPathXmlApplicationContext] - <Refreshing org.springframework.context.support.ClassPathXmlApplicationContext@47f37ef1: startup date [Thu Jul 20 14:00:12 CST 2017]; root of context hierarchy>
2017-07-20 14:00:13,047 INFO [org.springframework.beans.factory.xml.XmlBeanDefinitionReader] - <Loading XML bean definitions from class path resource [xml/spring-mvc.xml]>
2017-07-20 14:00:13,396 INFO [org.springframework.beans.factory.xml.XmlBeanDefinitionReader] - <Loading XML bean definitions from class path resource [xml/dubbo.xml]>
2017-07-20 14:00:13,428 INFO [com.alibaba.dubbo.common.logger.LoggerFactory] - <using logger: com.alibaba.dubbo.common.logger.log4j.Log4jLoggerAdapter>
2017-07-20 14:00:13,474 INFO [org.springframework.beans.factory.xml.XmlBeanDefinitionReader] - <Loading XML bean definitions from class path resource [xml/mybatis.xml]>
2017-07-20 14:00:13,495 INFO [org.springframework.beans.factory.support.DefaultListableBeanFactory] - <Overriding bean definition for bean 'dbconfig' with a different definition: replacing [Generic bean: class [org.springframework.beans.factory.config.PropertiesFactoryBean]; scope=; abstract=false; lazyInit=false; autowireMode=0; dependencyCheck=0; autowireCandidate=true; primary=false; factoryBeanName=null; factoryMethodName=null; initMethodName=null; destroyMethodName=null] with [Generic bean: class [org.springframework.beans.factory.config.PropertiesFactoryBean]; scope=; abstract=false; lazyInit=false; autowireMode=0; dependencyCheck=0; autowireCandidate=true; primary=false; factoryBeanName=null; factoryMethodName=null; initMethodName=null; destroyMethodName=null]>
2017-07-20 14:00:14,215 INFO [org.springframework.web.servlet.mvc.method.annotation.RequestMappingHandlerMapping] - <Mapped "{[/login]}" onto public java.lang.String com.lanxi.consumeLoan.controller.TestController.login()>
2017-07-20 14:00:14,330 INFO [org.springframework.web.servlet.mvc.method.annotation.RequestMappingHandlerAdapter] - <Looking for @ControllerAdvice: org.springframework.context.support.ClassPathXmlApplicationContext@47f37ef1: startup date [Thu Jul 20 14:00:12 CST 2017]; root of context hierarchy>
2017-07-20 14:00:14,388 INFO [org.springframework.web.servlet.mvc.method.annotation.RequestMappingHandlerAdapter] - <Looking for @ControllerAdvice: org.springframework.context.support.ClassPathXmlApplicationContext@47f37ef1: startup date [Thu Jul 20 14:00:12 CST 2017]; root of context hierarchy>
2017-07-20 14:00:14,511 INFO [org.springframework.beans.factory.config.PropertiesFactoryBean] - <Loading properties file from class path resource [properties/jdbc.properties]>
2017-07-20 14:00:15,479 INFO [com.alibaba.dubbo.config.AbstractConfig] - < [DUBBO] Run shutdown hook now., dubbo version: 2.5.3, current host: 127.0.0.1>
2017-07-20 14:00:15,481 INFO [com.alibaba.dubbo.registry.support.AbstractRegistryFactory] - < [DUBBO] Close all registries [], dubbo version: 2.5.3, current host: 127.0.0.1>
2017-07-20 14:07:38,103 INFO [com.lanxi.util.utils.LoggerUtil] - <log4j初始化完成!>
2017-07-20 14:07:38,335 INFO [org.springframework.context.support.ClassPathXmlApplicationContext] - <Refreshing org.springframework.context.support.ClassPathXmlApplicationContext@47f37ef1: startup date [Thu Jul 20 14:07:38 CST 2017]; root of context hierarchy>
2017-07-20 14:07:38,410 INFO [org.springframework.beans.factory.xml.XmlBeanDefinitionReader] - <Loading XML bean definitions from class path resource [xml/spring-mvc.xml]>
2017-07-20 14:07:38,804 INFO [org.springframework.beans.factory.xml.XmlBeanDefinitionReader] - <Loading XML bean definitions from class path resource [xml/dubbo.xml]>
2017-07-20 14:07:38,867 INFO [com.alibaba.dubbo.common.logger.LoggerFactory] - <using logger: com.alibaba.dubbo.common.logger.log4j.Log4jLoggerAdapter>
2017-07-20 14:07:38,917 INFO [org.springframework.beans.factory.xml.XmlBeanDefinitionReader] - <Loading XML bean definitions from class path resource [xml/mybatis.xml]>
2017-07-20 14:07:38,964 INFO [org.springframework.beans.factory.support.DefaultListableBeanFactory] - <Overriding bean definition for bean 'dbconfig' with a different definition: replacing [Generic bean: class [org.springframework.beans.factory.config.PropertiesFactoryBean]; scope=; abstract=false; lazyInit=false; autowireMode=0; dependencyCheck=0; autowireCandidate=true; primary=false; factoryBeanName=null; factoryMethodName=null; initMethodName=null; destroyMethodName=null] with [Generic bean: class [org.springframework.beans.factory.config.PropertiesFactoryBean]; scope=; abstract=false; lazyInit=false; autowireMode=0; dependencyCheck=0; autowireCandidate=true; primary=false; factoryBeanName=null; factoryMethodName=null; initMethodName=null; destroyMethodName=null]>
2017-07-20 14:07:39,749 INFO [org.springframework.web.servlet.mvc.method.annotation.RequestMappingHandlerMapping] - <Mapped "{[/login]}" onto public java.lang.String com.lanxi.consumeLoan.controller.TestController.login()>
2017-07-20 14:07:39,860 INFO [org.springframework.web.servlet.mvc.method.annotation.RequestMappingHandlerAdapter] - <Looking for @ControllerAdvice: org.springframework.context.support.ClassPathXmlApplicationContext@47f37ef1: startup date [Thu Jul 20 14:07:38 CST 2017]; root of context hierarchy>
2017-07-20 14:07:39,904 INFO [org.springframework.web.servlet.mvc.method.annotation.RequestMappingHandlerAdapter] - <Looking for @ControllerAdvice: org.springframework.context.support.ClassPathXmlApplicationContext@47f37ef1: startup date [Thu Jul 20 14:07:38 CST 2017]; root of context hierarchy>
2017-07-20 14:07:40,028 INFO [org.springframework.beans.factory.config.PropertiesFactoryBean] - <Loading properties file from class path resource [properties/jdbc.properties]>
2017-07-20 14:07:41,054 INFO [com.alibaba.dubbo.config.AbstractConfig] - < [DUBBO] Run shutdown hook now., dubbo version: 2.5.3, current host: 127.0.0.1>
2017-07-20 14:07:41,056 INFO [com.alibaba.dubbo.registry.support.AbstractRegistryFactory] - < [DUBBO] Close all registries [], dubbo version: 2.5.3, current host: 127.0.0.1>
2017-07-20 14:08:51,466 INFO [com.lanxi.util.utils.LoggerUtil] - <log4j初始化完成!>
2017-07-20 14:08:51,632 INFO [org.springframework.context.support.ClassPathXmlApplicationContext] - <Refreshing org.springframework.context.support.ClassPathXmlApplicationContext@47f37ef1: startup date [Thu Jul 20 14:08:51 CST 2017]; root of context hierarchy>
2017-07-20 14:08:51,695 INFO [org.springframework.beans.factory.xml.XmlBeanDefinitionReader] - <Loading XML bean definitions from class path resource [xml/spring-mvc.xml]>
2017-07-20 14:08:52,091 INFO [org.springframework.beans.factory.xml.XmlBeanDefinitionReader] - <Loading XML bean definitions from class path resource [xml/dubbo.xml]>
2017-07-20 14:08:52,136 INFO [com.alibaba.dubbo.common.logger.LoggerFactory] - <using logger: com.alibaba.dubbo.common.logger.log4j.Log4jLoggerAdapter>
2017-07-20 14:08:52,195 INFO [org.springframework.beans.factory.xml.XmlBeanDefinitionReader] - <Loading XML bean definitions from class path resource [xml/mybatis.xml]>
2017-07-20 14:08:52,284 INFO [org.springframework.beans.factory.support.DefaultListableBeanFactory] - <Overriding bean definition for bean 'dbconfig' with a different definition: replacing [Generic bean: class [org.springframework.beans.factory.config.PropertiesFactoryBean]; scope=; abstract=false; lazyInit=false; autowireMode=0; dependencyCheck=0; autowireCandidate=true; primary=false; factoryBeanName=null; factoryMethodName=null; initMethodName=null; destroyMethodName=null] with [Generic bean: class [org.springframework.beans.factory.config.PropertiesFactoryBean]; scope=; abstract=false; lazyInit=false; autowireMode=0; dependencyCheck=0; autowireCandidate=true; primary=false; factoryBeanName=null; factoryMethodName=null; initMethodName=null; destroyMethodName=null]>
2017-07-20 14:08:53,070 INFO [org.springframework.web.servlet.mvc.method.annotation.RequestMappingHandlerMapping] - <Mapped "{[/login]}" onto public java.lang.String com.lanxi.consumeLoan.controller.TestController.login()>
2017-07-20 14:08:53,178 INFO [org.springframework.web.servlet.mvc.method.annotation.RequestMappingHandlerAdapter] - <Looking for @ControllerAdvice: org.springframework.context.support.ClassPathXmlApplicationContext@47f37ef1: startup date [Thu Jul 20 14:08:51 CST 2017]; root of context hierarchy>
2017-07-20 14:08:53,235 INFO [org.springframework.web.servlet.mvc.method.annotation.RequestMappingHandlerAdapter] - <Looking for @ControllerAdvice: org.springframework.context.support.ClassPathXmlApplicationContext@47f37ef1: startup date [Thu Jul 20 14:08:51 CST 2017]; root of context hierarchy>
2017-07-20 14:08:53,365 INFO [org.springframework.beans.factory.config.PropertiesFactoryBean] - <Loading properties file from class path resource [properties/jdbc.properties]>
2017-07-20 14:08:54,360 INFO [com.alibaba.dubbo.config.AbstractConfig] - < [DUBBO] Run shutdown hook now., dubbo version: 2.5.3, current host: 127.0.0.1>
2017-07-20 14:08:54,363 INFO [com.alibaba.dubbo.registry.support.AbstractRegistryFactory] - < [DUBBO] Close all registries [], dubbo version: 2.5.3, current host: 127.0.0.1>
2017-07-20 14:09:30,695 INFO [com.lanxi.util.utils.LoggerUtil] - <log4j初始化完成!>
2017-07-20 14:09:30,917 INFO [org.springframework.context.support.ClassPathXmlApplicationContext] - <Refreshing org.springframework.context.support.ClassPathXmlApplicationContext@1445d7f: startup date [Thu Jul 20 14:09:30 CST 2017]; root of context hierarchy>
2017-07-20 14:09:31,021 INFO [org.springframework.beans.factory.xml.XmlBeanDefinitionReader] - <Loading XML bean definitions from class path resource [xml/spring-mvc.xml]>
2017-07-20 14:09:31,508 INFO [org.springframework.beans.factory.xml.XmlBeanDefinitionReader] - <Loading XML bean definitions from class path resource [xml/dubbo.xml]>
2017-07-20 14:09:31,548 INFO [com.alibaba.dubbo.common.logger.LoggerFactory] - <using logger: com.alibaba.dubbo.common.logger.log4j.Log4jLoggerAdapter>
2017-07-20 14:09:31,602 INFO [org.springframework.beans.factory.xml.XmlBeanDefinitionReader] - <Loading XML bean definitions from class path resource [xml/mybatis.xml]>
2017-07-20 14:09:31,664 INFO [org.springframework.beans.factory.support.DefaultListableBeanFactory] - <Overriding bean definition for bean 'dbconfig' with a different definition: replacing [Generic bean: class [org.springframework.beans.factory.config.PropertiesFactoryBean]; scope=; abstract=false; lazyInit=false; autowireMode=0; dependencyCheck=0; autowireCandidate=true; primary=false; factoryBeanName=null; factoryMethodName=null; initMethodName=null; destroyMethodName=null] with [Generic bean: class [org.springframework.beans.factory.config.PropertiesFactoryBean]; scope=; abstract=false; lazyInit=false; autowireMode=0; dependencyCheck=0; autowireCandidate=true; primary=false; factoryBeanName=null; factoryMethodName=null; initMethodName=null; destroyMethodName=null]>
2017-07-20 14:09:32,641 INFO [org.springframework.web.servlet.mvc.method.annotation.RequestMappingHandlerMapping] - <Mapped "{[/login]}" onto public java.lang.String com.lanxi.consumeLoan.controller.TestController.login()>
2017-07-20 14:09:32,798 INFO [org.springframework.web.servlet.mvc.method.annotation.RequestMappingHandlerAdapter] - <Looking for @ControllerAdvice: org.springframework.context.support.ClassPathXmlApplicationContext@1445d7f: startup date [Thu Jul 20 14:09:30 CST 2017]; root of context hierarchy>
2017-07-20 14:09:32,865 INFO [org.springframework.web.servlet.mvc.method.annotation.RequestMappingHandlerAdapter] - <Looking for @ControllerAdvice: org.springframework.context.support.ClassPathXmlApplicationContext@1445d7f: startup date [Thu Jul 20 14:09:30 CST 2017]; root of context hierarchy>
2017-07-20 14:09:33,032 INFO [org.springframework.beans.factory.config.PropertiesFactoryBean] - <Loading properties file from class path resource [properties/jdbc.properties]>
2017-07-20 14:10:20,033 INFO [com.lanxi.util.utils.LoggerUtil] - <log4j初始化完成!>
2017-07-20 14:10:20,290 INFO [org.springframework.context.support.ClassPathXmlApplicationContext] - <Refreshing org.springframework.context.support.ClassPathXmlApplicationContext@1445d7f: startup date [Thu Jul 20 14:10:20 CST 2017]; root of context hierarchy>
2017-07-20 14:10:20,399 INFO [org.springframework.beans.factory.xml.XmlBeanDefinitionReader] - <Loading XML bean definitions from class path resource [xml/spring-mvc.xml]>
2017-07-20 14:10:20,773 INFO [org.springframework.beans.factory.xml.XmlBeanDefinitionReader] - <Loading XML bean definitions from class path resource [xml/dubbo.xml]>
2017-07-20 14:10:20,805 INFO [com.alibaba.dubbo.common.logger.LoggerFactory] - <using logger: com.alibaba.dubbo.common.logger.log4j.Log4jLoggerAdapter>
2017-07-20 14:10:20,866 INFO [org.springframework.beans.factory.xml.XmlBeanDefinitionReader] - <Loading XML bean definitions from class path resource [xml/mybatis.xml]>
2017-07-20 14:10:20,908 INFO [org.springframework.beans.factory.support.DefaultListableBeanFactory] - <Overriding bean definition for bean 'dbconfig' with a different definition: replacing [Generic bean: class [org.springframework.beans.factory.config.PropertiesFactoryBean]; scope=; abstract=false; lazyInit=false; autowireMode=0; dependencyCheck=0; autowireCandidate=true; primary=false; factoryBeanName=null; factoryMethodName=null; initMethodName=null; destroyMethodName=null] with [Generic bean: class [org.springframework.beans.factory.config.PropertiesFactoryBean]; scope=; abstract=false; lazyInit=false; autowireMode=0; dependencyCheck=0; autowireCandidate=true; primary=false; factoryBeanName=null; factoryMethodName=null; initMethodName=null; destroyMethodName=null]>
2017-07-20 14:10:21,909 INFO [org.springframework.web.servlet.mvc.method.annotation.RequestMappingHandlerMapping] - <Mapped "{[/login]}" onto public java.lang.String com.lanxi.consumeLoan.controller.TestController.login()>
2017-07-20 14:10:22,049 INFO [org.springframework.web.servlet.mvc.method.annotation.RequestMappingHandlerAdapter] - <Looking for @ControllerAdvice: org.springframework.context.support.ClassPathXmlApplicationContext@1445d7f: startup date [Thu Jul 20 14:10:20 CST 2017]; root of context hierarchy>
2017-07-20 14:10:22,114 INFO [org.springframework.web.servlet.mvc.method.annotation.RequestMappingHandlerAdapter] - <Looking for @ControllerAdvice: org.springframework.context.support.ClassPathXmlApplicationContext@1445d7f: startup date [Thu Jul 20 14:10:20 CST 2017]; root of context hierarchy>
2017-07-20 14:10:22,280 INFO [org.springframework.beans.factory.config.PropertiesFactoryBean] - <Loading properties file from class path resource [properties/jdbc.properties]>
2017-07-20 14:39:54,683 INFO [com.lanxi.util.utils.LoggerUtil] - <log4j初始化完成!>
2017-07-20 14:39:54,875 INFO [org.springframework.context.support.ClassPathXmlApplicationContext] - <Refreshing org.springframework.context.support.ClassPathXmlApplicationContext@47f37ef1: startup date [Thu Jul 20 14:39:54 CST 2017]; root of context hierarchy>
2017-07-20 14:39:54,952 INFO [org.springframework.beans.factory.xml.XmlBeanDefinitionReader] - <Loading XML bean definitions from class path resource [xml/spring-mvc.xml]>
2017-07-20 14:39:55,361 INFO [org.springframework.beans.factory.xml.XmlBeanDefinitionReader] - <Loading XML bean definitions from class path resource [xml/dubbo.xml]>
2017-07-20 14:39:55,427 INFO [com.alibaba.dubbo.common.logger.LoggerFactory] - <using logger: com.alibaba.dubbo.common.logger.log4j.Log4jLoggerAdapter>
2017-07-20 14:39:55,475 INFO [org.springframework.beans.factory.xml.XmlBeanDefinitionReader] - <Loading XML bean definitions from class path resource [xml/mybatis.xml]>
2017-07-20 14:39:55,497 INFO [org.springframework.beans.factory.support.DefaultListableBeanFactory] - <Overriding bean definition for bean 'dbconfig' with a different definition: replacing [Generic bean: class [org.springframework.beans.factory.config.PropertiesFactoryBean]; scope=; abstract=false; lazyInit=false; autowireMode=0; dependencyCheck=0; autowireCandidate=true; primary=false; factoryBeanName=null; factoryMethodName=null; initMethodName=null; destroyMethodName=null] with [Generic bean: class [org.springframework.beans.factory.config.PropertiesFactoryBean]; scope=; abstract=false; lazyInit=false; autowireMode=0; dependencyCheck=0; autowireCandidate=true; primary=false; factoryBeanName=null; factoryMethodName=null; initMethodName=null; destroyMethodName=null]>
2017-07-20 14:39:56,252 INFO [org.springframework.web.servlet.mvc.method.annotation.RequestMappingHandlerMapping] - <Mapped "{[/login]}" onto public java.lang.String com.lanxi.consumeLoan.controller.TestController.login()>
2017-07-20 14:39:56,358 INFO [org.springframework.web.servlet.mvc.method.annotation.RequestMappingHandlerAdapter] - <Looking for @ControllerAdvice: org.springframework.context.support.ClassPathXmlApplicationContext@47f37ef1: startup date [Thu Jul 20 14:39:54 CST 2017]; root of context hierarchy>
2017-07-20 14:39:56,411 INFO [org.springframework.web.servlet.mvc.method.annotation.RequestMappingHandlerAdapter] - <Looking for @ControllerAdvice: org.springframework.context.support.ClassPathXmlApplicationContext@47f37ef1: startup date [Thu Jul 20 14:39:54 CST 2017]; root of context hierarchy>
2017-07-20 14:39:56,542 INFO [org.springframework.beans.factory.config.PropertiesFactoryBean] - <Loading properties file from class path resource [properties/jdbc.properties]>
2017-07-20 14:39:57,453 INFO [com.alibaba.dubbo.config.AbstractConfig] - < [DUBBO] Run shutdown hook now., dubbo version: 2.5.3, current host: 127.0.0.1>
2017-07-20 14:39:57,455 INFO [com.alibaba.dubbo.registry.support.AbstractRegistryFactory] - < [DUBBO] Close all registries [], dubbo version: 2.5.3, current host: 127.0.0.1>
2017-07-20 14:40:34,461 INFO [com.lanxi.util.utils.LoggerUtil] - <log4j初始化完成!>
2017-07-20 14:40:34,650 INFO [org.springframework.context.support.ClassPathXmlApplicationContext] - <Refreshing org.springframework.context.support.ClassPathXmlApplicationContext@47f37ef1: startup date [Thu Jul 20 14:40:34 CST 2017]; root of context hierarchy>
2017-07-20 14:40:34,743 INFO [org.springframework.beans.factory.xml.XmlBeanDefinitionReader] - <Loading XML bean definitions from class path resource [xml/spring-mvc.xml]>
2017-07-20 14:40:35,178 INFO [org.springframework.beans.factory.xml.XmlBeanDefinitionReader] - <Loading XML bean definitions from class path resource [xml/dubbo.xml]>
2017-07-20 14:40:35,209 INFO [com.alibaba.dubbo.common.logger.LoggerFactory] - <using logger: com.alibaba.dubbo.common.logger.log4j.Log4jLoggerAdapter>
2017-07-20 14:40:35,261 INFO [org.springframework.beans.factory.xml.XmlBeanDefinitionReader] - <Loading XML bean definitions from class path resource [xml/mybatis.xml]>
2017-07-20 14:40:35,291 INFO [org.springframework.beans.factory.support.DefaultListableBeanFactory] - <Overriding bean definition for bean 'dbconfig' with a different definition: replacing [Generic bean: class [org.springframework.beans.factory.config.PropertiesFactoryBean]; scope=; abstract=false; lazyInit=false; autowireMode=0; dependencyCheck=0; autowireCandidate=true; primary=false; factoryBeanName=null; factoryMethodName=null; initMethodName=null; destroyMethodName=null] with [Generic bean: class [org.springframework.beans.factory.config.PropertiesFactoryBean]; scope=; abstract=false; lazyInit=false; autowireMode=0; dependencyCheck=0; autowireCandidate=true; primary=false; factoryBeanName=null; factoryMethodName=null; initMethodName=null; destroyMethodName=null]>
2017-07-20 14:40:36,059 INFO [org.springframework.web.servlet.mvc.method.annotation.RequestMappingHandlerMapping] - <Mapped "{[/login]}" onto public java.lang.String com.lanxi.consumeLoan.controller.TestController.login()>
2017-07-20 14:40:36,169 INFO [org.springframework.web.servlet.mvc.method.annotation.RequestMappingHandlerAdapter] - <Looking for @ControllerAdvice: org.springframework.context.support.ClassPathXmlApplicationContext@47f37ef1: startup date [Thu Jul 20 14:40:34 CST 2017]; root of context hierarchy>
2017-07-20 14:40:36,218 INFO [org.springframework.web.servlet.mvc.method.annotation.RequestMappingHandlerAdapter] - <Looking for @ControllerAdvice: org.springframework.context.support.ClassPathXmlApplicationContext@47f37ef1: startup date [Thu Jul 20 14:40:34 CST 2017]; root of context hierarchy>
2017-07-20 14:40:36,353 INFO [org.springframework.beans.factory.config.PropertiesFactoryBean] - <Loading properties file from class path resource [properties/jdbc.properties]>
2017-07-20 14:40:37,239 INFO [com.alibaba.dubbo.config.AbstractConfig] - < [DUBBO] Run shutdown hook now., dubbo version: 2.5.3, current host: 127.0.0.1>
2017-07-20 14:40:37,241 INFO [com.alibaba.dubbo.registry.support.AbstractRegistryFactory] - < [DUBBO] Close all registries [], dubbo version: 2.5.3, current host: 127.0.0.1>
2017-07-20 14:48:47,315 INFO [com.lanxi.util.utils.LoggerUtil] - <log4j初始化完成!>
2017-07-20 14:48:47,472 INFO [org.springframework.context.support.ClassPathXmlApplicationContext] - <Refreshing org.springframework.context.support.ClassPathXmlApplicationContext@47f37ef1: startup date [Thu Jul 20 14:48:47 CST 2017]; root of context hierarchy>
2017-07-20 14:48:47,535 INFO [org.springframework.beans.factory.xml.XmlBeanDefinitionReader] - <Loading XML bean definitions from class path resource [xml/spring-mvc.xml]>
2017-07-20 14:48:47,919 INFO [org.springframework.beans.factory.xml.XmlBeanDefinitionReader] - <Loading XML bean definitions from class path resource [xml/dubbo.xml]>
2017-07-20 14:48:47,951 INFO [com.alibaba.dubbo.common.logger.LoggerFactory] - <using logger: com.alibaba.dubbo.common.logger.log4j.Log4jLoggerAdapter>
2017-07-20 14:48:47,996 INFO [org.springframework.beans.factory.xml.XmlBeanDefinitionReader] - <Loading XML bean definitions from class path resource [xml/mybatis.xml]>
2017-07-20 14:48:48,018 INFO [org.springframework.beans.factory.support.DefaultListableBeanFactory] - <Overriding bean definition for bean 'dbconfig' with a different definition: replacing [Generic bean: class [org.springframework.beans.factory.config.PropertiesFactoryBean]; scope=; abstract=false; lazyInit=false; autowireMode=0; dependencyCheck=0; autowireCandidate=true; primary=false; factoryBeanName=null; factoryMethodName=null; initMethodName=null; destroyMethodName=null] with [Generic bean: class [org.springframework.beans.factory.config.PropertiesFactoryBean]; scope=; abstract=false; lazyInit=false; autowireMode=0; dependencyCheck=0; autowireCandidate=true; primary=false; factoryBeanName=null; factoryMethodName=null; initMethodName=null; destroyMethodName=null]>
2017-07-20 14:48:48,774 INFO [org.springframework.web.servlet.mvc.method.annotation.RequestMappingHandlerMapping] - <Mapped "{[/login]}" onto public java.lang.String com.lanxi.consumeLoan.controller.TestController.login()>
2017-07-20 14:48:48,882 INFO [org.springframework.web.servlet.mvc.method.annotation.RequestMappingHandlerAdapter] - <Looking for @ControllerAdvice: org.springframework.context.support.ClassPathXmlApplicationContext@47f37ef1: startup date [Thu Jul 20 14:48:47 CST 2017]; root of context hierarchy>
2017-07-20 14:48:48,927 INFO [org.springframework.web.servlet.mvc.method.annotation.RequestMappingHandlerAdapter] - <Looking for @ControllerAdvice: org.springframework.context.support.ClassPathXmlApplicationContext@47f37ef1: startup date [Thu Jul 20 14:48:47 CST 2017]; root of context hierarchy>
2017-07-20 14:48:49,050 INFO [org.springframework.beans.factory.config.PropertiesFactoryBean] - <Loading properties file from class path resource [properties/jdbc.properties]>
2017-07-20 14:48:50,023 INFO [com.alibaba.dubbo.config.AbstractConfig] - < [DUBBO] Run shutdown hook now., dubbo version: 2.5.3, current host: 127.0.0.1>
2017-07-20 14:48:50,025 INFO [com.alibaba.dubbo.registry.support.AbstractRegistryFactory] - < [DUBBO] Close all registries [], dubbo version: 2.5.3, current host: 127.0.0.1>
2017-07-20 14:49:26,618 INFO [com.lanxi.util.utils.LoggerUtil] - <log4j初始化完成!>
2017-07-20 14:49:26,795 INFO [org.springframework.context.support.ClassPathXmlApplicationContext] - <Refreshing org.springframework.context.support.ClassPathXmlApplicationContext@47f37ef1: startup date [Thu Jul 20 14:49:26 CST 2017]; root of context hierarchy>
2017-07-20 14:49:26,872 INFO [org.springframework.beans.factory.xml.XmlBeanDefinitionReader] - <Loading XML bean definitions from class path resource [xml/spring-mvc.xml]>
2017-07-20 14:49:27,247 INFO [org.springframework.beans.factory.xml.XmlBeanDefinitionReader] - <Loading XML bean definitions from class path resource [xml/dubbo.xml]>
2017-07-20 14:49:27,276 INFO [com.alibaba.dubbo.common.logger.LoggerFactory] - <using logger: com.alibaba.dubbo.common.logger.log4j.Log4jLoggerAdapter>
2017-07-20 14:49:27,323 INFO [org.springframework.beans.factory.xml.XmlBeanDefinitionReader] - <Loading XML bean definitions from class path resource [xml/mybatis.xml]>
2017-07-20 14:49:27,345 INFO [org.springframework.beans.factory.support.DefaultListableBeanFactory] - <Overriding bean definition for bean 'dbconfig' with a different definition: replacing [Generic bean: class [org.springframework.beans.factory.config.PropertiesFactoryBean]; scope=; abstract=false; lazyInit=false; autowireMode=0; dependencyCheck=0; autowireCandidate=true; primary=false; factoryBeanName=null; factoryMethodName=null; initMethodName=null; destroyMethodName=null] with [Generic bean: class [org.springframework.beans.factory.config.PropertiesFactoryBean]; scope=; abstract=false; lazyInit=false; autowireMode=0; dependencyCheck=0; autowireCandidate=true; primary=false; factoryBeanName=null; factoryMethodName=null; initMethodName=null; destroyMethodName=null]>
2017-07-20 14:49:28,057 INFO [org.springframework.web.servlet.mvc.method.annotation.RequestMappingHandlerMapping] - <Mapped "{[/login]}" onto public java.lang.String com.lanxi.consumeLoan.controller.TestController.login()>
2017-07-20 14:49:28,163 INFO [org.springframework.web.servlet.mvc.method.annotation.RequestMappingHandlerAdapter] - <Looking for @ControllerAdvice: org.springframework.context.support.ClassPathXmlApplicationContext@47f37ef1: startup date [Thu Jul 20 14:49:26 CST 2017]; root of context hierarchy>
2017-07-20 14:49:28,210 INFO [org.springframework.web.servlet.mvc.method.annotation.RequestMappingHandlerAdapter] - <Looking for @ControllerAdvice: org.springframework.context.support.ClassPathXmlApplicationContext@47f37ef1: startup date [Thu Jul 20 14:49:26 CST 2017]; root of context hierarchy>
2017-07-20 14:49:28,333 INFO [org.springframework.beans.factory.config.PropertiesFactoryBean] - <Loading properties file from class path resource [properties/jdbc.properties]>
2017-07-20 14:49:29,283 INFO [com.alibaba.dubbo.config.AbstractConfig] - < [DUBBO] Run shutdown hook now., dubbo version: 2.5.3, current host: 127.0.0.1>
2017-07-20 14:49:29,285 INFO [com.alibaba.dubbo.registry.support.AbstractRegistryFactory] - < [DUBBO] Close all registries [], dubbo version: 2.5.3, current host: 127.0.0.1>
2017-07-20 14:49:59,321 INFO [com.lanxi.util.utils.LoggerUtil] - <log4j初始化完成!>
2017-07-20 14:49:59,507 INFO [org.springframework.context.support.ClassPathXmlApplicationContext] - <Refreshing org.springframework.context.support.ClassPathXmlApplicationContext@47f37ef1: startup date [Thu Jul 20 14:49:59 CST 2017]; root of context hierarchy>
2017-07-20 14:49:59,561 INFO [org.springframework.beans.factory.xml.XmlBeanDefinitionReader] - <Loading XML bean definitions from class path resource [xml/spring-mvc.xml]>
2017-07-20 14:49:59,929 INFO [org.springframework.beans.factory.xml.XmlBeanDefinitionReader] - <Loading XML bean definitions from class path resource [xml/dubbo.xml]>
2017-07-20 14:49:59,996 INFO [com.alibaba.dubbo.common.logger.LoggerFactory] - <using logger: com.alibaba.dubbo.common.logger.log4j.Log4jLoggerAdapter>
2017-07-20 14:50:00,052 INFO [org.springframework.beans.factory.xml.XmlBeanDefinitionReader] - <Loading XML bean definitions from class path resource [xml/mybatis.xml]>
2017-07-20 14:50:00,108 INFO [org.springframework.beans.factory.support.DefaultListableBeanFactory] - <Overriding bean definition for bean 'dbconfig' with a different definition: replacing [Generic bean: class [org.springframework.beans.factory.config.PropertiesFactoryBean]; scope=; abstract=false; lazyInit=false; autowireMode=0; dependencyCheck=0; autowireCandidate=true; primary=false; factoryBeanName=null; factoryMethodName=null; initMethodName=null; destroyMethodName=null] with [Generic bean: class [org.springframework.beans.factory.config.PropertiesFactoryBean]; scope=; abstract=false; lazyInit=false; autowireMode=0; dependencyCheck=0; autowireCandidate=true; primary=false; factoryBeanName=null; factoryMethodName=null; initMethodName=null; destroyMethodName=null]>
2017-07-20 14:50:00,863 INFO [org.springframework.web.servlet.mvc.method.annotation.RequestMappingHandlerMapping] - <Mapped "{[/login]}" onto public java.lang.String com.lanxi.consumeLoan.controller.TestController.login()>
2017-07-20 14:50:00,967 INFO [org.springframework.web.servlet.mvc.method.annotation.RequestMappingHandlerAdapter] - <Looking for @ControllerAdvice: org.springframework.context.support.ClassPathXmlApplicationContext@47f37ef1: startup date [Thu Jul 20 14:49:59 CST 2017]; root of context hierarchy>
2017-07-20 14:50:01,018 INFO [org.springframework.web.servlet.mvc.method.annotation.RequestMappingHandlerAdapter] - <Looking for @ControllerAdvice: org.springframework.context.support.ClassPathXmlApplicationContext@47f37ef1: startup date [Thu Jul 20 14:49:59 CST 2017]; root of context hierarchy>
2017-07-20 14:50:01,149 INFO [org.springframework.beans.factory.config.PropertiesFactoryBean] - <Loading properties file from class path resource [properties/jdbc.properties]>
2017-07-20 14:50:02,118 INFO [com.alibaba.dubbo.config.AbstractConfig] - < [DUBBO] Run shutdown hook now., dubbo version: 2.5.3, current host: 127.0.0.1>
2017-07-20 14:50:02,122 INFO [com.alibaba.dubbo.registry.support.AbstractRegistryFactory] - < [DUBBO] Close all registries [], dubbo version: 2.5.3, current host: 127.0.0.1>
2017-07-20 14:50:47,280 INFO [com.lanxi.util.utils.LoggerUtil] - <log4j初始化完成!>
2017-07-20 14:50:47,469 INFO [org.springframework.context.support.ClassPathXmlApplicationContext] - <Refreshing org.springframework.context.support.ClassPathXmlApplicationContext@47f37ef1: startup date [Thu Jul 20 14:50:47 CST 2017]; root of context hierarchy>
2017-07-20 14:50:47,526 INFO [org.springframework.beans.factory.xml.XmlBeanDefinitionReader] - <Loading XML bean definitions from class path resource [xml/spring-mvc.xml]>
2017-07-20 14:50:47,932 INFO [org.springframework.beans.factory.xml.XmlBeanDefinitionReader] - <Loading XML bean definitions from class path resource [xml/dubbo.xml]>
2017-07-20 14:50:48,017 INFO [com.alibaba.dubbo.common.logger.LoggerFactory] - <using logger: com.alibaba.dubbo.common.logger.log4j.Log4jLoggerAdapter>
2017-07-20 14:50:48,070 INFO [org.springframework.beans.factory.xml.XmlBeanDefinitionReader] - <Loading XML bean definitions from class path resource [xml/mybatis.xml]>
2017-07-20 14:50:48,104 INFO [org.springframework.beans.factory.support.DefaultListableBeanFactory] - <Overriding bean definition for bean 'dbconfig' with a different definition: replacing [Generic bean: class [org.springframework.beans.factory.config.PropertiesFactoryBean]; scope=; abstract=false; lazyInit=false; autowireMode=0; dependencyCheck=0; autowireCandidate=true; primary=false; factoryBeanName=null; factoryMethodName=null; initMethodName=null; destroyMethodName=null] with [Generic bean: class [org.springframework.beans.factory.config.PropertiesFactoryBean]; scope=; abstract=false; lazyInit=false; autowireMode=0; dependencyCheck=0; autowireCandidate=true; primary=false; factoryBeanName=null; factoryMethodName=null; initMethodName=null; destroyMethodName=null]>
2017-07-20 14:50:48,962 INFO [org.springframework.web.servlet.mvc.method.annotation.RequestMappingHandlerMapping] - <Mapped "{[/login]}" onto public java.lang.String com.lanxi.consumeLoan.controller.TestController.login()>
2017-07-20 14:50:49,077 INFO [org.springframework.web.servlet.mvc.method.annotation.RequestMappingHandlerAdapter] - <Looking for @ControllerAdvice: org.springframework.context.support.ClassPathXmlApplicationContext@47f37ef1: startup date [Thu Jul 20 14:50:47 CST 2017]; root of context hierarchy>
2017-07-20 14:50:49,142 INFO [org.springframework.web.servlet.mvc.method.annotation.RequestMappingHandlerAdapter] - <Looking for @ControllerAdvice: org.springframework.context.support.ClassPathXmlApplicationContext@47f37ef1: startup date [Thu Jul 20 14:50:47 CST 2017]; root of context hierarchy>
2017-07-20 14:50:49,388 INFO [org.springframework.beans.factory.config.PropertiesFactoryBean] - <Loading properties file from class path resource [properties/jdbc.properties]>
2017-07-20 14:50:50,476 INFO [com.alibaba.dubbo.config.AbstractConfig] - < [DUBBO] Run shutdown hook now., dubbo version: 2.5.3, current host: 127.0.0.1>
2017-07-20 14:50:50,478 INFO [com.alibaba.dubbo.registry.support.AbstractRegistryFactory] - < [DUBBO] Close all registries [], dubbo version: 2.5.3, current host: 127.0.0.1>
2017-07-20 14:53:43,213 INFO [com.lanxi.util.utils.LoggerUtil] - <log4j初始化完成!>
2017-07-20 14:53:43,388 INFO [org.springframework.context.support.ClassPathXmlApplicationContext] - <Refreshing org.springframework.context.support.ClassPathXmlApplicationContext@47f37ef1: startup date [Thu Jul 20 14:53:43 CST 2017]; root of context hierarchy>
2017-07-20 14:53:43,443 INFO [org.springframework.beans.factory.xml.XmlBeanDefinitionReader] - <Loading XML bean definitions from class path resource [xml/spring-mvc.xml]>
2017-07-20 14:53:43,842 INFO [org.springframework.beans.factory.xml.XmlBeanDefinitionReader] - <Loading XML bean definitions from class path resource [xml/dubbo.xml]>
2017-07-20 14:53:43,904 INFO [com.alibaba.dubbo.common.logger.LoggerFactory] - <using logger: com.alibaba.dubbo.common.logger.log4j.Log4jLoggerAdapter>
2017-07-20 14:53:43,959 INFO [org.springframework.beans.factory.xml.XmlBeanDefinitionReader] - <Loading XML bean definitions from class path resource [xml/mybatis.xml]>
2017-07-20 14:53:44,038 INFO [org.springframework.beans.factory.support.DefaultListableBeanFactory] - <Overriding bean definition for bean 'dbconfig' with a different definition: replacing [Generic bean: class [org.springframework.beans.factory.config.PropertiesFactoryBean]; scope=; abstract=false; lazyInit=false; autowireMode=0; dependencyCheck=0; autowireCandidate=true; primary=false; factoryBeanName=null; factoryMethodName=null; initMethodName=null; destroyMethodName=null] with [Generic bean: class [org.springframework.beans.factory.config.PropertiesFactoryBean]; scope=; abstract=false; lazyInit=false; autowireMode=0; dependencyCheck=0; autowireCandidate=true; primary=false; factoryBeanName=null; factoryMethodName=null; initMethodName=null; destroyMethodName=null]>
2017-07-20 14:53:44,969 INFO [org.springframework.web.servlet.mvc.method.annotation.RequestMappingHandlerMapping] - <Mapped "{[/login]}" onto public java.lang.String com.lanxi.consumeLoan.controller.TestController.login()>
2017-07-20 14:53:45,106 INFO [org.springframework.web.servlet.mvc.method.annotation.RequestMappingHandlerAdapter] - <Looking for @ControllerAdvice: org.springframework.context.support.ClassPathXmlApplicationContext@47f37ef1: startup date [Thu Jul 20 14:53:43 CST 2017]; root of context hierarchy>
2017-07-20 14:53:45,178 INFO [org.springframework.web.servlet.mvc.method.annotation.RequestMappingHandlerAdapter] - <Looking for @ControllerAdvice: org.springframework.context.support.ClassPathXmlApplicationContext@47f37ef1: startup date [Thu Jul 20 14:53:43 CST 2017]; root of context hierarchy>
2017-07-20 14:53:45,325 INFO [org.springframework.beans.factory.config.PropertiesFactoryBean] - <Loading properties file from class path resource [properties/jdbc.properties]>
2017-07-20 14:53:46,269 INFO [com.alibaba.dubbo.config.AbstractConfig] - < [DUBBO] Run shutdown hook now., dubbo version: 2.5.3, current host: 127.0.0.1>
2017-07-20 14:53:46,270 INFO [com.alibaba.dubbo.registry.support.AbstractRegistryFactory] - < [DUBBO] Close all registries [], dubbo version: 2.5.3, current host: 127.0.0.1>
2017-07-20 14:56:20,665 INFO [com.lanxi.util.utils.LoggerUtil] - <log4j初始化完成!>
2017-07-20 14:56:20,834 INFO [org.springframework.context.support.ClassPathXmlApplicationContext] - <Refreshing org.springframework.context.support.ClassPathXmlApplicationContext@47f37ef1: startup date [Thu Jul 20 14:56:20 CST 2017]; root of context hierarchy>
2017-07-20 14:56:20,903 INFO [org.springframework.beans.factory.xml.XmlBeanDefinitionReader] - <Loading XML bean definitions from class path resource [xml/spring-mvc.xml]>
2017-07-20 14:56:21,302 INFO [org.springframework.beans.factory.xml.XmlBeanDefinitionReader] - <Loading XML bean definitions from class path resource [xml/dubbo.xml]>
2017-07-20 14:56:21,370 INFO [com.alibaba.dubbo.common.logger.LoggerFactory] - <using logger: com.alibaba.dubbo.common.logger.log4j.Log4jLoggerAdapter>
2017-07-20 14:56:21,420 INFO [org.springframework.beans.factory.xml.XmlBeanDefinitionReader] - <Loading XML bean definitions from class path resource [xml/mybatis.xml]>
2017-07-20 14:56:21,460 INFO [org.springframework.beans.factory.support.DefaultListableBeanFactory] - <Overriding bean definition for bean 'dbconfig' with a different definition: replacing [Generic bean: class [org.springframework.beans.factory.config.PropertiesFactoryBean]; scope=; abstract=false; lazyInit=false; autowireMode=0; dependencyCheck=0; autowireCandidate=true; primary=false; factoryBeanName=null; factoryMethodName=null; initMethodName=null; destroyMethodName=null] with [Generic bean: class [org.springframework.beans.factory.config.PropertiesFactoryBean]; scope=; abstract=false; lazyInit=false; autowireMode=0; dependencyCheck=0; autowireCandidate=true; primary=false; factoryBeanName=null; factoryMethodName=null; initMethodName=null; destroyMethodName=null]>
2017-07-20 14:56:22,337 INFO [org.springframework.web.servlet.mvc.method.annotation.RequestMappingHandlerMapping] - <Mapped "{[/login]}" onto public java.lang.String com.lanxi.consumeLoan.controller.TestController.login()>
2017-07-20 14:56:22,468 INFO [org.springframework.web.servlet.mvc.method.annotation.RequestMappingHandlerAdapter] - <Looking for @ControllerAdvice: org.springframework.context.support.ClassPathXmlApplicationContext@47f37ef1: startup date [Thu Jul 20 14:56:20 CST 2017]; root of context hierarchy>
2017-07-20 14:56:22,557 INFO [org.springframework.web.servlet.mvc.method.annotation.RequestMappingHandlerAdapter] - <Looking for @ControllerAdvice: org.springframework.context.support.ClassPathXmlApplicationContext@47f37ef1: startup date [Thu Jul 20 14:56:20 CST 2017]; root of context hierarchy>
2017-07-20 14:56:22,711 INFO [org.springframework.beans.factory.config.PropertiesFactoryBean] - <Loading properties file from class path resource [properties/jdbc.properties]>
2017-07-20 14:56:23,691 INFO [com.alibaba.dubbo.config.AbstractConfig] - < [DUBBO] Run shutdown hook now., dubbo version: 2.5.3, current host: 127.0.0.1>
2017-07-20 14:56:23,694 INFO [com.alibaba.dubbo.registry.support.AbstractRegistryFactory] - < [DUBBO] Close all registries [], dubbo version: 2.5.3, current host: 127.0.0.1>
2017-07-20 15:04:52,230 INFO [com.lanxi.util.utils.LoggerUtil] - <log4j初始化完成!>
2017-07-20 15:04:52,395 INFO [org.springframework.context.support.ClassPathXmlApplicationContext] - <Refreshing org.springframework.context.support.ClassPathXmlApplicationContext@45c8e616: startup date [Thu Jul 20 15:04:52 CST 2017]; root of context hierarchy>
2017-07-20 15:04:52,450 INFO [org.springframework.beans.factory.xml.XmlBeanDefinitionReader] - <Loading XML bean definitions from class path resource [xml/spring-mvc.xml]>
2017-07-20 15:04:52,843 INFO [org.springframework.beans.factory.xml.XmlBeanDefinitionReader] - <Loading XML bean definitions from class path resource [xml/dubbo.xml]>
2017-07-20 15:04:52,929 INFO [com.alibaba.dubbo.common.logger.LoggerFactory] - <using logger: com.alibaba.dubbo.common.logger.log4j.Log4jLoggerAdapter>
2017-07-20 15:04:52,997 INFO [org.springframework.beans.factory.xml.XmlBeanDefinitionReader] - <Loading XML bean definitions from class path resource [xml/mybatis.xml]>
2017-07-20 15:04:53,055 INFO [org.springframework.beans.factory.support.DefaultListableBeanFactory] - <Overriding bean definition for bean 'dbconfig' with a different definition: replacing [Generic bean: class [org.springframework.beans.factory.config.PropertiesFactoryBean]; scope=; abstract=false; lazyInit=false; autowireMode=0; dependencyCheck=0; autowireCandidate=true; primary=false; factoryBeanName=null; factoryMethodName=null; initMethodName=null; destroyMethodName=null] with [Generic bean: class [org.springframework.beans.factory.config.PropertiesFactoryBean]; scope=; abstract=false; lazyInit=false; autowireMode=0; dependencyCheck=0; autowireCandidate=true; primary=false; factoryBeanName=null; factoryMethodName=null; initMethodName=null; destroyMethodName=null]>
2017-07-20 15:04:53,963 INFO [org.springframework.web.servlet.mvc.method.annotation.RequestMappingHandlerMapping] - <Mapped "{[/login]}" onto public java.lang.String com.lanxi.consumeLoan.controller.TestController.login()>
2017-07-20 15:04:54,019 INFO [org.hibernate.validator.internal.util.Version] - <HV000001: Hibernate Validator 5.3.4.Final>
2017-07-20 15:04:54,300 INFO [org.springframework.web.servlet.mvc.method.annotation.RequestMappingHandlerAdapter] - <Looking for @ControllerAdvice: org.springframework.context.support.ClassPathXmlApplicationContext@45c8e616: startup date [Thu Jul 20 15:04:52 CST 2017]; root of context hierarchy>
2017-07-20 15:04:54,358 INFO [org.springframework.web.servlet.mvc.method.annotation.RequestMappingHandlerAdapter] - <Looking for @ControllerAdvice: org.springframework.context.support.ClassPathXmlApplicationContext@45c8e616: startup date [Thu Jul 20 15:04:52 CST 2017]; root of context hierarchy>
2017-07-20 15:04:54,511 INFO [org.springframework.beans.factory.config.PropertiesFactoryBean] - <Loading properties file from class path resource [properties/jdbc.properties]>
2017-07-20 15:04:55,464 INFO [com.alibaba.dubbo.config.AbstractConfig] - < [DUBBO] Run shutdown hook now., dubbo version: 2.5.3, current host: 127.0.0.1>
2017-07-20 15:04:55,466 INFO [com.alibaba.dubbo.registry.support.AbstractRegistryFactory] - < [DUBBO] Close all registries [], dubbo version: 2.5.3, current host: 127.0.0.1>
2017-07-20 15:05:42,500 INFO [com.lanxi.util.utils.LoggerUtil] - <log4j初始化完成!>
2017-07-20 15:05:42,677 INFO [org.springframework.context.support.ClassPathXmlApplicationContext] - <Refreshing org.springframework.context.support.ClassPathXmlApplicationContext@45c8e616: startup date [Thu Jul 20 15:05:42 CST 2017]; root of context hierarchy>
2017-07-20 15:05:42,738 INFO [org.springframework.beans.factory.xml.XmlBeanDefinitionReader] - <Loading XML bean definitions from class path resource [xml/spring-mvc.xml]>
2017-07-20 15:05:43,080 INFO [org.springframework.beans.factory.xml.XmlBeanDefinitionReader] - <Loading XML bean definitions from class path resource [xml/dubbo.xml]>
2017-07-20 15:05:43,155 INFO [com.alibaba.dubbo.common.logger.LoggerFactory] - <using logger: com.alibaba.dubbo.common.logger.log4j.Log4jLoggerAdapter>
2017-07-20 15:05:43,208 INFO [org.springframework.beans.factory.xml.XmlBeanDefinitionReader] - <Loading XML bean definitions from class path resource [xml/mybatis.xml]>
2017-07-20 15:05:43,238 INFO [org.springframework.beans.factory.support.DefaultListableBeanFactory] - <Overriding bean definition for bean 'dbconfig' with a different definition: replacing [Generic bean: class [org.springframework.beans.factory.config.PropertiesFactoryBean]; scope=; abstract=false; lazyInit=false; autowireMode=0; dependencyCheck=0; autowireCandidate=true; primary=false; factoryBeanName=null; factoryMethodName=null; initMethodName=null; destroyMethodName=null] with [Generic bean: class [org.springframework.beans.factory.config.PropertiesFactoryBean]; scope=; abstract=false; lazyInit=false; autowireMode=0; dependencyCheck=0; autowireCandidate=true; primary=false; factoryBeanName=null; factoryMethodName=null; initMethodName=null; destroyMethodName=null]>
2017-07-20 15:05:43,996 INFO [org.springframework.web.servlet.mvc.method.annotation.RequestMappingHandlerMapping] - <Mapped "{[/login]}" onto public java.lang.String com.lanxi.consumeLoan.controller.TestController.login()>
2017-07-20 15:05:44,043 INFO [org.hibernate.validator.internal.util.Version] - <HV000001: Hibernate Validator 5.3.4.Final>
2017-07-20 15:05:44,276 INFO [org.springframework.web.servlet.mvc.method.annotation.RequestMappingHandlerAdapter] - <Looking for @ControllerAdvice: org.springframework.context.support.ClassPathXmlApplicationContext@45c8e616: startup date [Thu Jul 20 15:05:42 CST 2017]; root of context hierarchy>
2017-07-20 15:05:44,322 INFO [org.springframework.web.servlet.mvc.method.annotation.RequestMappingHandlerAdapter] - <Looking for @ControllerAdvice: org.springframework.context.support.ClassPathXmlApplicationContext@45c8e616: startup date [Thu Jul 20 15:05:42 CST 2017]; root of context hierarchy>
2017-07-20 15:05:44,435 INFO [org.springframework.beans.factory.config.PropertiesFactoryBean] - <Loading properties file from class path resource [properties/jdbc.properties]>
2017-07-20 15:05:45,311 INFO [com.alibaba.dubbo.config.AbstractConfig] - < [DUBBO] Run shutdown hook now., dubbo version: 2.5.3, current host: 127.0.0.1>
2017-07-20 15:05:45,313 INFO [com.alibaba.dubbo.registry.support.AbstractRegistryFactory] - < [DUBBO] Close all registries [], dubbo version: 2.5.3, current host: 127.0.0.1>
2017-07-20 16:17:17,575 INFO [com.lanxi.util.utils.LoggerUtil] - <log4j初始化完成!>
2017-07-20 16:17:17,576 INFO [com.lanxi.util.entity.ConfigManager] - <开始加载配置文件---------------------------------------------------------->
2017-07-20 16:17:17,576 INFO [com.lanxi.util.entity.ConfigManager] - <classpath位置:[/C:/Users/yangyuanjian/workspace/consumeLoan/target/test-classes/]>
2017-07-20 16:17:17,576 INFO [com.lanxi.util.entity.ConfigManager] - <配置文件目录:[/C:/Users/yangyuanjian/workspace/consumeLoan//src/main/resources/properties]>
2017-07-20 16:17:17,577 INFO [com.lanxi.util.entity.ConfigManager] - <文件名:[jdbc.properties]>
2017-07-20 16:17:17,577 INFO [com.lanxi.util.entity.ConfigManager] - <加载配置文件:[jdbc.properties]成功!>
2017-07-20 16:17:17,577 INFO [com.lanxi.util.entity.ConfigManager] - <文件名:[param.properties]>
2017-07-20 16:17:17,577 INFO [com.lanxi.util.entity.ConfigManager] - <加载配置文件:[param.properties]成功!>
2017-07-20 16:17:17,578 INFO [com.lanxi.util.entity.ConfigManager] - <文件名:[sms.properties]>
2017-07-20 16:17:17,578 INFO [com.lanxi.util.entity.ConfigManager] - <加载配置文件:[sms.properties]成功!>
2017-07-20 16:17:17,578 INFO [com.lanxi.util.entity.ConfigManager] - <加载配置文件完成---------------------------------------------------------->
2017-07-20 16:41:04,214 INFO [com.lanxi.util.utils.LoggerUtil] - <log4j初始化完成!>
2017-07-20 16:41:04,214 INFO [com.lanxi.util.entity.ConfigManager] - <开始加载配置文件---------------------------------------------------------->
2017-07-20 16:41:04,215 INFO [com.lanxi.util.entity.ConfigManager] - <classpath位置:[/C:/Users/yangyuanjian/workspace/consumeLoan/target/test-classes/]>
2017-07-20 16:41:04,215 INFO [com.lanxi.util.entity.ConfigManager] - <配置文件目录:[/C:/Users/yangyuanjian/workspace/consumeLoan//src/main/resources/properties]>
2017-07-20 16:41:04,215 INFO [com.lanxi.util.entity.ConfigManager] - <文件名:[jdbc.properties]>
2017-07-20 16:41:04,216 INFO [com.lanxi.util.entity.ConfigManager] - <加载配置文件:[jdbc.properties]成功!>
2017-07-20 16:41:04,216 INFO [com.lanxi.util.entity.ConfigManager] - <文件名:[param.properties]>
2017-07-20 16:41:04,216 INFO [com.lanxi.util.entity.ConfigManager] - <加载配置文件:[param.properties]成功!>
2017-07-20 16:41:04,216 INFO [com.lanxi.util.entity.ConfigManager] - <文件名:[sms.properties]>
2017-07-20 16:41:04,217 INFO [com.lanxi.util.entity.ConfigManager] - <加载配置文件:[sms.properties]成功!>
2017-07-20 16:41:04,217 INFO [com.lanxi.util.entity.ConfigManager] - <加载配置文件完成---------------------------------------------------------->
2017-07-20 16:44:33,718 INFO [com.lanxi.util.utils.LoggerUtil] - <log4j初始化完成!>
2017-07-20 16:44:33,718 INFO [com.lanxi.util.entity.ConfigManager] - <开始加载配置文件---------------------------------------------------------->
2017-07-20 16:44:33,719 INFO [com.lanxi.util.entity.ConfigManager] - <classpath位置:[/C:/Users/yangyuanjian/workspace/consumeLoan/target/test-classes/]>
2017-07-20 16:44:33,719 INFO [com.lanxi.util.entity.ConfigManager] - <配置文件目录:[/C:/Users/yangyuanjian/workspace/consumeLoan//src/main/resources/properties]>
2017-07-20 16:44:33,719 INFO [com.lanxi.util.entity.ConfigManager] - <文件名:[jdbc.properties]>
2017-07-20 16:44:33,719 INFO [com.lanxi.util.entity.ConfigManager] - <加载配置文件:[jdbc.properties]成功!>
2017-07-20 16:44:33,719 INFO [com.lanxi.util.entity.ConfigManager] - <文件名:[param.properties]>
2017-07-20 16:44:33,720 INFO [com.lanxi.util.entity.ConfigManager] - <加载配置文件:[param.properties]成功!>
2017-07-20 16:44:33,720 INFO [com.lanxi.util.entity.ConfigManager] - <文件名:[sms.properties]>
2017-07-20 16:44:33,720 INFO [com.lanxi.util.entity.ConfigManager] - <加载配置文件:[sms.properties]成功!>
2017-07-20 16:44:33,720 INFO [com.lanxi.util.entity.ConfigManager] - <加载配置文件完成---------------------------------------------------------->
